INFO 2025-05-08 05:30:11,408 autoreload 14740 31816 Watching for file changes with StatReloader
INFO 2025-05-08 05:33:07,047 basehttp 14740 33248 "GET /admin/ HTTP/1.1" 302 0
INFO 2025-05-08 05:33:07,260 basehttp 14740 33248 "GET /admin/login/?next=/admin/ HTTP/1.1" 200 4160
WARNING 2025-05-08 05:33:07,382 log 14740 33248 Not Found: /favicon.ico
WARNING 2025-05-08 05:33:07,382 basehttp 14740 33248 "GET /favicon.ico HTTP/1.1" 404 2800
WARNING 2025-05-08 05:33:09,174 log 14740 33248 Not Found: /favicon.ico
WARNING 2025-05-08 05:33:09,174 basehttp 14740 33248 "GET /favicon.ico HTTP/1.1" 404 2800
ERROR 2025-05-08 05:33:13,569 log 14740 33248 Internal Server Error: /admin/login/
Traceback (most recent call last):
  File "C:\Users\hasindraibe.randriat\AppData\Roaming\Python\Python312\site-packages\django\db\backends\utils.py", line 105, in _execute
    return self.cursor.execute(sql, params)
           ^^^^^^^^^^^^^^^^^^^^^^^^^^^^^^^^
  File "C:\Users\hasindraibe.randriat\AppData\Roaming\Python\Python312\site-packages\django\db\backends\sqlite3\base.py", line 354, in execute
    return super().execute(query, params)
           ^^^^^^^^^^^^^^^^^^^^^^^^^^^^^^
sqlite3.OperationalError: no such column: user_managment_customuser.user_type

The above exception was the direct cause of the following exception:

Traceback (most recent call last):
  File "C:\Users\hasindraibe.randriat\AppData\Roaming\Python\Python312\site-packages\django\core\handlers\exception.py", line 55, in inner
    response = get_response(request)
               ^^^^^^^^^^^^^^^^^^^^^
  File "C:\Users\hasindraibe.randriat\AppData\Roaming\Python\Python312\site-packages\django\core\handlers\base.py", line 197, in _get_response
    response = wrapped_callback(request, *callback_args, **callback_kwargs)
               ^^^^^^^^^^^^^^^^^^^^^^^^^^^^^^^^^^^^^^^^^^^^^^^^^^^^^^^^^^^^
  File "C:\Users\hasindraibe.randriat\AppData\Roaming\Python\Python312\site-packages\django\utils\decorators.py", line 48, in _wrapper
    return bound_method(*args, **kwargs)
           ^^^^^^^^^^^^^^^^^^^^^^^^^^^^^
  File "C:\Users\hasindraibe.randriat\AppData\Roaming\Python\Python312\site-packages\django\views\decorators\cache.py", line 80, in _view_wrapper
    response = view_func(request, *args, **kwargs)
               ^^^^^^^^^^^^^^^^^^^^^^^^^^^^^^^^^^^
  File "C:\Users\hasindraibe.randriat\AppData\Roaming\Python\Python312\site-packages\django\contrib\admin\sites.py", line 444, in login
    return LoginView.as_view(**defaults)(request)
           ^^^^^^^^^^^^^^^^^^^^^^^^^^^^^^^^^^^^^^
  File "C:\Users\hasindraibe.randriat\AppData\Roaming\Python\Python312\site-packages\django\views\generic\base.py", line 104, in view
    return self.dispatch(request, *args, **kwargs)
           ^^^^^^^^^^^^^^^^^^^^^^^^^^^^^^^^^^^^^^^
  File "C:\Users\hasindraibe.randriat\AppData\Roaming\Python\Python312\site-packages\django\utils\decorators.py", line 48, in _wrapper
    return bound_method(*args, **kwargs)
           ^^^^^^^^^^^^^^^^^^^^^^^^^^^^^
  File "C:\Users\hasindraibe.randriat\AppData\Roaming\Python\Python312\site-packages\django\utils\decorators.py", line 48, in _wrapper
    return bound_method(*args, **kwargs)
           ^^^^^^^^^^^^^^^^^^^^^^^^^^^^^
  File "C:\Users\hasindraibe.randriat\AppData\Roaming\Python\Python312\site-packages\django\views\decorators\debug.py", line 143, in sensitive_post_parameters_wrapper
    return view(request, *args, **kwargs)
           ^^^^^^^^^^^^^^^^^^^^^^^^^^^^^^
  File "C:\Users\hasindraibe.randriat\AppData\Roaming\Python\Python312\site-packages\django\utils\decorators.py", line 48, in _wrapper
    return bound_method(*args, **kwargs)
           ^^^^^^^^^^^^^^^^^^^^^^^^^^^^^
  File "C:\Users\hasindraibe.randriat\AppData\Roaming\Python\Python312\site-packages\django\utils\decorators.py", line 188, in _view_wrapper
    result = _process_exception(request, e)
             ^^^^^^^^^^^^^^^^^^^^^^^^^^^^^^
  File "C:\Users\hasindraibe.randriat\AppData\Roaming\Python\Python312\site-packages\django\utils\decorators.py", line 186, in _view_wrapper
    response = view_func(request, *args, **kwargs)
               ^^^^^^^^^^^^^^^^^^^^^^^^^^^^^^^^^^^
  File "C:\Users\hasindraibe.randriat\AppData\Roaming\Python\Python312\site-packages\django\utils\decorators.py", line 48, in _wrapper
    return bound_method(*args, **kwargs)
           ^^^^^^^^^^^^^^^^^^^^^^^^^^^^^
  File "C:\Users\hasindraibe.randriat\AppData\Roaming\Python\Python312\site-packages\django\views\decorators\cache.py", line 80, in _view_wrapper
    response = view_func(request, *args, **kwargs)
               ^^^^^^^^^^^^^^^^^^^^^^^^^^^^^^^^^^^
  File "C:\Users\hasindraibe.randriat\AppData\Roaming\Python\Python312\site-packages\django\contrib\auth\views.py", line 89, in dispatch
    return super().dispatch(request, *args, **kwargs)
           ^^^^^^^^^^^^^^^^^^^^^^^^^^^^^^^^^^^^^^^^^^
  File "C:\Users\hasindraibe.randriat\AppData\Roaming\Python\Python312\site-packages\django\views\generic\base.py", line 143, in dispatch
    return handler(request, *args, **kwargs)
           ^^^^^^^^^^^^^^^^^^^^^^^^^^^^^^^^^
  File "C:\Users\hasindraibe.randriat\AppData\Roaming\Python\Python312\site-packages\django\views\generic\edit.py", line 150, in post
    if form.is_valid():
       ^^^^^^^^^^^^^^^
  File "C:\Users\hasindraibe.randriat\AppData\Roaming\Python\Python312\site-packages\django\forms\forms.py", line 197, in is_valid
    return self.is_bound and not self.errors
                                 ^^^^^^^^^^^
  File "C:\Users\hasindraibe.randriat\AppData\Roaming\Python\Python312\site-packages\django\forms\forms.py", line 192, in errors
    self.full_clean()
  File "C:\Users\hasindraibe.randriat\AppData\Roaming\Python\Python312\site-packages\django\forms\forms.py", line 326, in full_clean
    self._clean_form()
  File "C:\Users\hasindraibe.randriat\AppData\Roaming\Python\Python312\site-packages\django\forms\forms.py", line 342, in _clean_form
    cleaned_data = self.clean()
                   ^^^^^^^^^^^^
  File "C:\Users\hasindraibe.randriat\AppData\Roaming\Python\Python312\site-packages\django\contrib\auth\forms.py", line 363, in clean
    self.user_cache = authenticate(
                      ^^^^^^^^^^^^^
  File "C:\Users\hasindraibe.randriat\AppData\Roaming\Python\Python312\site-packages\django\views\decorators\debug.py", line 75, in sensitive_variables_wrapper
    return func(*func_args, **func_kwargs)
           ^^^^^^^^^^^^^^^^^^^^^^^^^^^^^^^
  File "C:\Users\hasindraibe.randriat\AppData\Roaming\Python\Python312\site-packages\django\contrib\auth\__init__.py", line 79, in authenticate
    user = backend.authenticate(request, **credentials)
           ^^^^^^^^^^^^^^^^^^^^^^^^^^^^^^^^^^^^^^^^^^^^
  File "C:\Users\hasindraibe.randriat\AppData\Roaming\Python\Python312\site-packages\django\contrib\auth\backends.py", line 42, in authenticate
    user = UserModel._default_manager.get_by_natural_key(username)
           ^^^^^^^^^^^^^^^^^^^^^^^^^^^^^^^^^^^^^^^^^^^^^^^^^^^^^^^
  File "C:\Users\hasindraibe.randriat\AppData\Roaming\Python\Python312\site-packages\django\contrib\auth\base_user.py", line 37, in get_by_natural_key
    return self.get(**{self.model.USERNAME_FIELD: username})
           ^^^^^^^^^^^^^^^^^^^^^^^^^^^^^^^^^^^^^^^^^^^^^^^^^
  File "C:\Users\hasindraibe.randriat\AppData\Roaming\Python\Python312\site-packages\django\db\models\manager.py", line 87, in manager_method
    return getattr(self.get_queryset(), name)(*args, **kwargs)
           ^^^^^^^^^^^^^^^^^^^^^^^^^^^^^^^^^^^^^^^^^^^^^^^^^^^
  File "C:\Users\hasindraibe.randriat\AppData\Roaming\Python\Python312\site-packages\django\db\models\query.py", line 645, in get
    num = len(clone)
          ^^^^^^^^^^
  File "C:\Users\hasindraibe.randriat\AppData\Roaming\Python\Python312\site-packages\django\db\models\query.py", line 382, in __len__
    self._fetch_all()
  File "C:\Users\hasindraibe.randriat\AppData\Roaming\Python\Python312\site-packages\django\db\models\query.py", line 1928, in _fetch_all
    self._result_cache = list(self._iterable_class(self))
                         ^^^^^^^^^^^^^^^^^^^^^^^^^^^^^^^^
  File "C:\Users\hasindraibe.randriat\AppData\Roaming\Python\Python312\site-packages\django\db\models\query.py", line 91, in __iter__
    results = compiler.execute_sql(
              ^^^^^^^^^^^^^^^^^^^^^
  File "C:\Users\hasindraibe.randriat\AppData\Roaming\Python\Python312\site-packages\django\db\models\sql\compiler.py", line 1574, in execute_sql
    cursor.execute(sql, params)
  File "C:\Users\hasindraibe.randriat\AppData\Roaming\Python\Python312\site-packages\django\db\backends\utils.py", line 122, in execute
    return super().execute(sql, params)
           ^^^^^^^^^^^^^^^^^^^^^^^^^^^^
  File "C:\Users\hasindraibe.randriat\AppData\Roaming\Python\Python312\site-packages\django\db\backends\utils.py", line 79, in execute
    return self._execute_with_wrappers(
           ^^^^^^^^^^^^^^^^^^^^^^^^^^^^
  File "C:\Users\hasindraibe.randriat\AppData\Roaming\Python\Python312\site-packages\django\db\backends\utils.py", line 92, in _execute_with_wrappers
    return executor(sql, params, many, context)
           ^^^^^^^^^^^^^^^^^^^^^^^^^^^^^^^^^^^^
  File "C:\Users\hasindraibe.randriat\AppData\Roaming\Python\Python312\site-packages\django\db\backends\utils.py", line 100, in _execute
    with self.db.wrap_database_errors:
  File "C:\Users\hasindraibe.randriat\AppData\Roaming\Python\Python312\site-packages\django\db\utils.py", line 91, in __exit__
    raise dj_exc_value.with_traceback(traceback) from exc_value
  File "C:\Users\hasindraibe.randriat\AppData\Roaming\Python\Python312\site-packages\django\db\backends\utils.py", line 105, in _execute
    return self.cursor.execute(sql, params)
           ^^^^^^^^^^^^^^^^^^^^^^^^^^^^^^^^
  File "C:\Users\hasindraibe.randriat\AppData\Roaming\Python\Python312\site-packages\django\db\backends\sqlite3\base.py", line 354, in execute
    return super().execute(query, params)
           ^^^^^^^^^^^^^^^^^^^^^^^^^^^^^^
django.db.utils.OperationalError: no such column: user_managment_customuser.user_type
ERROR 2025-05-08 05:33:13,601 basehttp 14740 33248 "POST /admin/login/?next=/admin/ HTTP/1.1" 500 260404
INFO 2025-05-08 05:36:17,160 autoreload 7064 6960 Watching for file changes with StatReloader
ERROR 2025-05-08 05:36:24,013 log 7064 28296 Internal Server Error: /admin/login/
Traceback (most recent call last):
  File "C:\Users\hasindraibe.randriat\Documents\GitHub\render_house_renting\.venv\Lib\site-packages\django\db\backends\utils.py", line 105, in _execute
    return self.cursor.execute(sql, params)
           ^^^^^^^^^^^^^^^^^^^^^^^^^^^^^^^^
  File "C:\Users\hasindraibe.randriat\Documents\GitHub\render_house_renting\.venv\Lib\site-packages\django\db\backends\sqlite3\base.py", line 354, in execute
    return super().execute(query, params)
           ^^^^^^^^^^^^^^^^^^^^^^^^^^^^^^
sqlite3.OperationalError: no such column: user_managment_customuser.user_type

The above exception was the direct cause of the following exception:

Traceback (most recent call last):
  File "C:\Users\hasindraibe.randriat\Documents\GitHub\render_house_renting\.venv\Lib\site-packages\django\core\handlers\exception.py", line 55, in inner
    response = get_response(request)
               ^^^^^^^^^^^^^^^^^^^^^
  File "C:\Users\hasindraibe.randriat\Documents\GitHub\render_house_renting\.venv\Lib\site-packages\django\core\handlers\base.py", line 197, in _get_response
    response = wrapped_callback(request, *callback_args, **callback_kwargs)
               ^^^^^^^^^^^^^^^^^^^^^^^^^^^^^^^^^^^^^^^^^^^^^^^^^^^^^^^^^^^^
  File "C:\Users\hasindraibe.randriat\Documents\GitHub\render_house_renting\.venv\Lib\site-packages\django\utils\decorators.py", line 48, in _wrapper
    return bound_method(*args, **kwargs)
           ^^^^^^^^^^^^^^^^^^^^^^^^^^^^^
  File "C:\Users\hasindraibe.randriat\Documents\GitHub\render_house_renting\.venv\Lib\site-packages\django\views\decorators\cache.py", line 80, in _view_wrapper
    response = view_func(request, *args, **kwargs)
               ^^^^^^^^^^^^^^^^^^^^^^^^^^^^^^^^^^^
  File "C:\Users\hasindraibe.randriat\Documents\GitHub\render_house_renting\.venv\Lib\site-packages\django\contrib\admin\sites.py", line 444, in login
    return LoginView.as_view(**defaults)(request)
           ^^^^^^^^^^^^^^^^^^^^^^^^^^^^^^^^^^^^^^
  File "C:\Users\hasindraibe.randriat\Documents\GitHub\render_house_renting\.venv\Lib\site-packages\django\views\generic\base.py", line 104, in view
    return self.dispatch(request, *args, **kwargs)
           ^^^^^^^^^^^^^^^^^^^^^^^^^^^^^^^^^^^^^^^
  File "C:\Users\hasindraibe.randriat\Documents\GitHub\render_house_renting\.venv\Lib\site-packages\django\utils\decorators.py", line 48, in _wrapper
    return bound_method(*args, **kwargs)
           ^^^^^^^^^^^^^^^^^^^^^^^^^^^^^
  File "C:\Users\hasindraibe.randriat\Documents\GitHub\render_house_renting\.venv\Lib\site-packages\django\utils\decorators.py", line 48, in _wrapper
    return bound_method(*args, **kwargs)
           ^^^^^^^^^^^^^^^^^^^^^^^^^^^^^
  File "C:\Users\hasindraibe.randriat\Documents\GitHub\render_house_renting\.venv\Lib\site-packages\django\views\decorators\debug.py", line 143, in sensitive_post_parameters_wrapper
    return view(request, *args, **kwargs)
           ^^^^^^^^^^^^^^^^^^^^^^^^^^^^^^
  File "C:\Users\hasindraibe.randriat\Documents\GitHub\render_house_renting\.venv\Lib\site-packages\django\utils\decorators.py", line 48, in _wrapper
    return bound_method(*args, **kwargs)
           ^^^^^^^^^^^^^^^^^^^^^^^^^^^^^
  File "C:\Users\hasindraibe.randriat\Documents\GitHub\render_house_renting\.venv\Lib\site-packages\django\utils\decorators.py", line 188, in _view_wrapper
    result = _process_exception(request, e)
             ^^^^^^^^^^^^^^^^^^^^^^^^^^^^^^
  File "C:\Users\hasindraibe.randriat\Documents\GitHub\render_house_renting\.venv\Lib\site-packages\django\utils\decorators.py", line 186, in _view_wrapper
    response = view_func(request, *args, **kwargs)
               ^^^^^^^^^^^^^^^^^^^^^^^^^^^^^^^^^^^
  File "C:\Users\hasindraibe.randriat\Documents\GitHub\render_house_renting\.venv\Lib\site-packages\django\utils\decorators.py", line 48, in _wrapper
    return bound_method(*args, **kwargs)
           ^^^^^^^^^^^^^^^^^^^^^^^^^^^^^
  File "C:\Users\hasindraibe.randriat\Documents\GitHub\render_house_renting\.venv\Lib\site-packages\django\views\decorators\cache.py", line 80, in _view_wrapper
    response = view_func(request, *args, **kwargs)
               ^^^^^^^^^^^^^^^^^^^^^^^^^^^^^^^^^^^
  File "C:\Users\hasindraibe.randriat\Documents\GitHub\render_house_renting\.venv\Lib\site-packages\django\contrib\auth\views.py", line 89, in dispatch
    return super().dispatch(request, *args, **kwargs)
           ^^^^^^^^^^^^^^^^^^^^^^^^^^^^^^^^^^^^^^^^^^
  File "C:\Users\hasindraibe.randriat\Documents\GitHub\render_house_renting\.venv\Lib\site-packages\django\views\generic\base.py", line 143, in dispatch
    return handler(request, *args, **kwargs)
           ^^^^^^^^^^^^^^^^^^^^^^^^^^^^^^^^^
  File "C:\Users\hasindraibe.randriat\Documents\GitHub\render_house_renting\.venv\Lib\site-packages\django\views\generic\edit.py", line 150, in post
    if form.is_valid():
       ^^^^^^^^^^^^^^^
  File "C:\Users\hasindraibe.randriat\Documents\GitHub\render_house_renting\.venv\Lib\site-packages\django\forms\forms.py", line 197, in is_valid
    return self.is_bound and not self.errors
                                 ^^^^^^^^^^^
  File "C:\Users\hasindraibe.randriat\Documents\GitHub\render_house_renting\.venv\Lib\site-packages\django\forms\forms.py", line 192, in errors
    self.full_clean()
  File "C:\Users\hasindraibe.randriat\Documents\GitHub\render_house_renting\.venv\Lib\site-packages\django\forms\forms.py", line 326, in full_clean
    self._clean_form()
  File "C:\Users\hasindraibe.randriat\Documents\GitHub\render_house_renting\.venv\Lib\site-packages\django\forms\forms.py", line 342, in _clean_form
    cleaned_data = self.clean()
                   ^^^^^^^^^^^^
  File "C:\Users\hasindraibe.randriat\Documents\GitHub\render_house_renting\.venv\Lib\site-packages\django\contrib\auth\forms.py", line 363, in clean
    self.user_cache = authenticate(
                      ^^^^^^^^^^^^^
  File "C:\Users\hasindraibe.randriat\Documents\GitHub\render_house_renting\.venv\Lib\site-packages\django\views\decorators\debug.py", line 75, in sensitive_variables_wrapper
    return func(*func_args, **func_kwargs)
           ^^^^^^^^^^^^^^^^^^^^^^^^^^^^^^^
  File "C:\Users\hasindraibe.randriat\Documents\GitHub\render_house_renting\.venv\Lib\site-packages\django\contrib\auth\__init__.py", line 79, in authenticate
    user = backend.authenticate(request, **credentials)
           ^^^^^^^^^^^^^^^^^^^^^^^^^^^^^^^^^^^^^^^^^^^^
  File "C:\Users\hasindraibe.randriat\Documents\GitHub\render_house_renting\.venv\Lib\site-packages\django\contrib\auth\backends.py", line 42, in authenticate
    user = UserModel._default_manager.get_by_natural_key(username)
           ^^^^^^^^^^^^^^^^^^^^^^^^^^^^^^^^^^^^^^^^^^^^^^^^^^^^^^^
  File "C:\Users\hasindraibe.randriat\Documents\GitHub\render_house_renting\.venv\Lib\site-packages\django\contrib\auth\base_user.py", line 37, in get_by_natural_key
    return self.get(**{self.model.USERNAME_FIELD: username})
           ^^^^^^^^^^^^^^^^^^^^^^^^^^^^^^^^^^^^^^^^^^^^^^^^^
  File "C:\Users\hasindraibe.randriat\Documents\GitHub\render_house_renting\.venv\Lib\site-packages\django\db\models\manager.py", line 87, in manager_method
    return getattr(self.get_queryset(), name)(*args, **kwargs)
           ^^^^^^^^^^^^^^^^^^^^^^^^^^^^^^^^^^^^^^^^^^^^^^^^^^^
  File "C:\Users\hasindraibe.randriat\Documents\GitHub\render_house_renting\.venv\Lib\site-packages\django\db\models\query.py", line 645, in get
    num = len(clone)
          ^^^^^^^^^^
  File "C:\Users\hasindraibe.randriat\Documents\GitHub\render_house_renting\.venv\Lib\site-packages\django\db\models\query.py", line 382, in __len__
    self._fetch_all()
  File "C:\Users\hasindraibe.randriat\Documents\GitHub\render_house_renting\.venv\Lib\site-packages\django\db\models\query.py", line 1928, in _fetch_all
    self._result_cache = list(self._iterable_class(self))
                         ^^^^^^^^^^^^^^^^^^^^^^^^^^^^^^^^
  File "C:\Users\hasindraibe.randriat\Documents\GitHub\render_house_renting\.venv\Lib\site-packages\django\db\models\query.py", line 91, in __iter__
    results = compiler.execute_sql(
              ^^^^^^^^^^^^^^^^^^^^^
  File "C:\Users\hasindraibe.randriat\Documents\GitHub\render_house_renting\.venv\Lib\site-packages\django\db\models\sql\compiler.py", line 1574, in execute_sql
    cursor.execute(sql, params)
  File "C:\Users\hasindraibe.randriat\Documents\GitHub\render_house_renting\.venv\Lib\site-packages\django\db\backends\utils.py", line 122, in execute
    return super().execute(sql, params)
           ^^^^^^^^^^^^^^^^^^^^^^^^^^^^
  File "C:\Users\hasindraibe.randriat\Documents\GitHub\render_house_renting\.venv\Lib\site-packages\django\db\backends\utils.py", line 79, in execute
    return self._execute_with_wrappers(
           ^^^^^^^^^^^^^^^^^^^^^^^^^^^^
  File "C:\Users\hasindraibe.randriat\Documents\GitHub\render_house_renting\.venv\Lib\site-packages\django\db\backends\utils.py", line 92, in _execute_with_wrappers
    return executor(sql, params, many, context)
           ^^^^^^^^^^^^^^^^^^^^^^^^^^^^^^^^^^^^
  File "C:\Users\hasindraibe.randriat\Documents\GitHub\render_house_renting\.venv\Lib\site-packages\django\db\backends\utils.py", line 100, in _execute
    with self.db.wrap_database_errors:
  File "C:\Users\hasindraibe.randriat\Documents\GitHub\render_house_renting\.venv\Lib\site-packages\django\db\utils.py", line 91, in __exit__
    raise dj_exc_value.with_traceback(traceback) from exc_value
  File "C:\Users\hasindraibe.randriat\Documents\GitHub\render_house_renting\.venv\Lib\site-packages\django\db\backends\utils.py", line 105, in _execute
    return self.cursor.execute(sql, params)
           ^^^^^^^^^^^^^^^^^^^^^^^^^^^^^^^^
  File "C:\Users\hasindraibe.randriat\Documents\GitHub\render_house_renting\.venv\Lib\site-packages\django\db\backends\sqlite3\base.py", line 354, in execute
    return super().execute(query, params)
           ^^^^^^^^^^^^^^^^^^^^^^^^^^^^^^
django.db.utils.OperationalError: no such column: user_managment_customuser.user_type
ERROR 2025-05-08 05:36:24,027 basehttp 7064 28296 "POST /admin/login/?next=/admin/ HTTP/1.1" 500 263939
INFO 2025-05-08 05:37:31,027 autoreload 32480 5608 Watching for file changes with StatReloader
ERROR 2025-05-08 05:37:36,184 log 32480 24380 Internal Server Error: /admin/login/
Traceback (most recent call last):
  File "C:\Users\hasindraibe.randriat\Documents\GitHub\render_house_renting\.venv\Lib\site-packages\django\db\backends\utils.py", line 105, in _execute
    return self.cursor.execute(sql, params)
           ^^^^^^^^^^^^^^^^^^^^^^^^^^^^^^^^
  File "C:\Users\hasindraibe.randriat\Documents\GitHub\render_house_renting\.venv\Lib\site-packages\django\db\backends\sqlite3\base.py", line 354, in execute
    return super().execute(query, params)
           ^^^^^^^^^^^^^^^^^^^^^^^^^^^^^^
sqlite3.OperationalError: no such table: user_managment_customuser

The above exception was the direct cause of the following exception:

Traceback (most recent call last):
  File "C:\Users\hasindraibe.randriat\Documents\GitHub\render_house_renting\.venv\Lib\site-packages\django\core\handlers\exception.py", line 55, in inner
    response = get_response(request)
               ^^^^^^^^^^^^^^^^^^^^^
  File "C:\Users\hasindraibe.randriat\Documents\GitHub\render_house_renting\.venv\Lib\site-packages\django\core\handlers\base.py", line 197, in _get_response
    response = wrapped_callback(request, *callback_args, **callback_kwargs)
               ^^^^^^^^^^^^^^^^^^^^^^^^^^^^^^^^^^^^^^^^^^^^^^^^^^^^^^^^^^^^
  File "C:\Users\hasindraibe.randriat\Documents\GitHub\render_house_renting\.venv\Lib\site-packages\django\utils\decorators.py", line 48, in _wrapper
    return bound_method(*args, **kwargs)
           ^^^^^^^^^^^^^^^^^^^^^^^^^^^^^
  File "C:\Users\hasindraibe.randriat\Documents\GitHub\render_house_renting\.venv\Lib\site-packages\django\views\decorators\cache.py", line 80, in _view_wrapper
    response = view_func(request, *args, **kwargs)
               ^^^^^^^^^^^^^^^^^^^^^^^^^^^^^^^^^^^
  File "C:\Users\hasindraibe.randriat\Documents\GitHub\render_house_renting\.venv\Lib\site-packages\django\contrib\admin\sites.py", line 444, in login
    return LoginView.as_view(**defaults)(request)
           ^^^^^^^^^^^^^^^^^^^^^^^^^^^^^^^^^^^^^^
  File "C:\Users\hasindraibe.randriat\Documents\GitHub\render_house_renting\.venv\Lib\site-packages\django\views\generic\base.py", line 104, in view
    return self.dispatch(request, *args, **kwargs)
           ^^^^^^^^^^^^^^^^^^^^^^^^^^^^^^^^^^^^^^^
  File "C:\Users\hasindraibe.randriat\Documents\GitHub\render_house_renting\.venv\Lib\site-packages\django\utils\decorators.py", line 48, in _wrapper
    return bound_method(*args, **kwargs)
           ^^^^^^^^^^^^^^^^^^^^^^^^^^^^^
  File "C:\Users\hasindraibe.randriat\Documents\GitHub\render_house_renting\.venv\Lib\site-packages\django\utils\decorators.py", line 48, in _wrapper
    return bound_method(*args, **kwargs)
           ^^^^^^^^^^^^^^^^^^^^^^^^^^^^^
  File "C:\Users\hasindraibe.randriat\Documents\GitHub\render_house_renting\.venv\Lib\site-packages\django\views\decorators\debug.py", line 143, in sensitive_post_parameters_wrapper
    return view(request, *args, **kwargs)
           ^^^^^^^^^^^^^^^^^^^^^^^^^^^^^^
  File "C:\Users\hasindraibe.randriat\Documents\GitHub\render_house_renting\.venv\Lib\site-packages\django\utils\decorators.py", line 48, in _wrapper
    return bound_method(*args, **kwargs)
           ^^^^^^^^^^^^^^^^^^^^^^^^^^^^^
  File "C:\Users\hasindraibe.randriat\Documents\GitHub\render_house_renting\.venv\Lib\site-packages\django\utils\decorators.py", line 188, in _view_wrapper
    result = _process_exception(request, e)
             ^^^^^^^^^^^^^^^^^^^^^^^^^^^^^^
  File "C:\Users\hasindraibe.randriat\Documents\GitHub\render_house_renting\.venv\Lib\site-packages\django\utils\decorators.py", line 186, in _view_wrapper
    response = view_func(request, *args, **kwargs)
               ^^^^^^^^^^^^^^^^^^^^^^^^^^^^^^^^^^^
  File "C:\Users\hasindraibe.randriat\Documents\GitHub\render_house_renting\.venv\Lib\site-packages\django\utils\decorators.py", line 48, in _wrapper
    return bound_method(*args, **kwargs)
           ^^^^^^^^^^^^^^^^^^^^^^^^^^^^^
  File "C:\Users\hasindraibe.randriat\Documents\GitHub\render_house_renting\.venv\Lib\site-packages\django\views\decorators\cache.py", line 80, in _view_wrapper
    response = view_func(request, *args, **kwargs)
               ^^^^^^^^^^^^^^^^^^^^^^^^^^^^^^^^^^^
  File "C:\Users\hasindraibe.randriat\Documents\GitHub\render_house_renting\.venv\Lib\site-packages\django\contrib\auth\views.py", line 89, in dispatch
    return super().dispatch(request, *args, **kwargs)
           ^^^^^^^^^^^^^^^^^^^^^^^^^^^^^^^^^^^^^^^^^^
  File "C:\Users\hasindraibe.randriat\Documents\GitHub\render_house_renting\.venv\Lib\site-packages\django\views\generic\base.py", line 143, in dispatch
    return handler(request, *args, **kwargs)
           ^^^^^^^^^^^^^^^^^^^^^^^^^^^^^^^^^
  File "C:\Users\hasindraibe.randriat\Documents\GitHub\render_house_renting\.venv\Lib\site-packages\django\views\generic\edit.py", line 150, in post
    if form.is_valid():
       ^^^^^^^^^^^^^^^
  File "C:\Users\hasindraibe.randriat\Documents\GitHub\render_house_renting\.venv\Lib\site-packages\django\forms\forms.py", line 197, in is_valid
    return self.is_bound and not self.errors
                                 ^^^^^^^^^^^
  File "C:\Users\hasindraibe.randriat\Documents\GitHub\render_house_renting\.venv\Lib\site-packages\django\forms\forms.py", line 192, in errors
    self.full_clean()
  File "C:\Users\hasindraibe.randriat\Documents\GitHub\render_house_renting\.venv\Lib\site-packages\django\forms\forms.py", line 326, in full_clean
    self._clean_form()
  File "C:\Users\hasindraibe.randriat\Documents\GitHub\render_house_renting\.venv\Lib\site-packages\django\forms\forms.py", line 342, in _clean_form
    cleaned_data = self.clean()
                   ^^^^^^^^^^^^
  File "C:\Users\hasindraibe.randriat\Documents\GitHub\render_house_renting\.venv\Lib\site-packages\django\contrib\auth\forms.py", line 363, in clean
    self.user_cache = authenticate(
                      ^^^^^^^^^^^^^
  File "C:\Users\hasindraibe.randriat\Documents\GitHub\render_house_renting\.venv\Lib\site-packages\django\views\decorators\debug.py", line 75, in sensitive_variables_wrapper
    return func(*func_args, **func_kwargs)
           ^^^^^^^^^^^^^^^^^^^^^^^^^^^^^^^
  File "C:\Users\hasindraibe.randriat\Documents\GitHub\render_house_renting\.venv\Lib\site-packages\django\contrib\auth\__init__.py", line 79, in authenticate
    user = backend.authenticate(request, **credentials)
           ^^^^^^^^^^^^^^^^^^^^^^^^^^^^^^^^^^^^^^^^^^^^
  File "C:\Users\hasindraibe.randriat\Documents\GitHub\render_house_renting\.venv\Lib\site-packages\django\contrib\auth\backends.py", line 42, in authenticate
    user = UserModel._default_manager.get_by_natural_key(username)
           ^^^^^^^^^^^^^^^^^^^^^^^^^^^^^^^^^^^^^^^^^^^^^^^^^^^^^^^
  File "C:\Users\hasindraibe.randriat\Documents\GitHub\render_house_renting\.venv\Lib\site-packages\django\contrib\auth\base_user.py", line 37, in get_by_natural_key
    return self.get(**{self.model.USERNAME_FIELD: username})
           ^^^^^^^^^^^^^^^^^^^^^^^^^^^^^^^^^^^^^^^^^^^^^^^^^
  File "C:\Users\hasindraibe.randriat\Documents\GitHub\render_house_renting\.venv\Lib\site-packages\django\db\models\manager.py", line 87, in manager_method
    return getattr(self.get_queryset(), name)(*args, **kwargs)
           ^^^^^^^^^^^^^^^^^^^^^^^^^^^^^^^^^^^^^^^^^^^^^^^^^^^
  File "C:\Users\hasindraibe.randriat\Documents\GitHub\render_house_renting\.venv\Lib\site-packages\django\db\models\query.py", line 645, in get
    num = len(clone)
          ^^^^^^^^^^
  File "C:\Users\hasindraibe.randriat\Documents\GitHub\render_house_renting\.venv\Lib\site-packages\django\db\models\query.py", line 382, in __len__
    self._fetch_all()
  File "C:\Users\hasindraibe.randriat\Documents\GitHub\render_house_renting\.venv\Lib\site-packages\django\db\models\query.py", line 1928, in _fetch_all
    self._result_cache = list(self._iterable_class(self))
                         ^^^^^^^^^^^^^^^^^^^^^^^^^^^^^^^^
  File "C:\Users\hasindraibe.randriat\Documents\GitHub\render_house_renting\.venv\Lib\site-packages\django\db\models\query.py", line 91, in __iter__
    results = compiler.execute_sql(
              ^^^^^^^^^^^^^^^^^^^^^
  File "C:\Users\hasindraibe.randriat\Documents\GitHub\render_house_renting\.venv\Lib\site-packages\django\db\models\sql\compiler.py", line 1574, in execute_sql
    cursor.execute(sql, params)
  File "C:\Users\hasindraibe.randriat\Documents\GitHub\render_house_renting\.venv\Lib\site-packages\django\db\backends\utils.py", line 122, in execute
    return super().execute(sql, params)
           ^^^^^^^^^^^^^^^^^^^^^^^^^^^^
  File "C:\Users\hasindraibe.randriat\Documents\GitHub\render_house_renting\.venv\Lib\site-packages\django\db\backends\utils.py", line 79, in execute
    return self._execute_with_wrappers(
           ^^^^^^^^^^^^^^^^^^^^^^^^^^^^
  File "C:\Users\hasindraibe.randriat\Documents\GitHub\render_house_renting\.venv\Lib\site-packages\django\db\backends\utils.py", line 92, in _execute_with_wrappers
    return executor(sql, params, many, context)
           ^^^^^^^^^^^^^^^^^^^^^^^^^^^^^^^^^^^^
  File "C:\Users\hasindraibe.randriat\Documents\GitHub\render_house_renting\.venv\Lib\site-packages\django\db\backends\utils.py", line 100, in _execute
    with self.db.wrap_database_errors:
  File "C:\Users\hasindraibe.randriat\Documents\GitHub\render_house_renting\.venv\Lib\site-packages\django\db\utils.py", line 91, in __exit__
    raise dj_exc_value.with_traceback(traceback) from exc_value
  File "C:\Users\hasindraibe.randriat\Documents\GitHub\render_house_renting\.venv\Lib\site-packages\django\db\backends\utils.py", line 105, in _execute
    return self.cursor.execute(sql, params)
           ^^^^^^^^^^^^^^^^^^^^^^^^^^^^^^^^
  File "C:\Users\hasindraibe.randriat\Documents\GitHub\render_house_renting\.venv\Lib\site-packages\django\db\backends\sqlite3\base.py", line 354, in execute
    return super().execute(query, params)
           ^^^^^^^^^^^^^^^^^^^^^^^^^^^^^^
django.db.utils.OperationalError: no such table: user_managment_customuser
ERROR 2025-05-08 05:37:36,197 basehttp 32480 24380 "POST /admin/login/?next=/admin/ HTTP/1.1" 500 263736
INFO 2025-05-08 05:37:56,719 basehttp 32480 24380 "POST /admin/login/?next=/admin/ HTTP/1.1" 200 4321
WARNING 2025-05-08 05:37:59,019 log 32480 24380 Not Found: /favicon.ico
WARNING 2025-05-08 05:37:59,020 basehttp 32480 24380 "GET /favicon.ico HTTP/1.1" 404 2800
INFO 2025-05-08 05:38:01,901 basehttp 32480 24380 "POST /admin/login/?next=/admin/ HTTP/1.1" 200 4321
WARNING 2025-05-08 05:38:29,001 log 32480 24380 Not Found: /favicon.ico
WARNING 2025-05-08 05:38:29,002 basehttp 32480 24380 "GET /favicon.ico HTTP/1.1" 404 2800
INFO 2025-05-08 05:38:31,759 basehttp 32480 24380 "POST /admin/login/?next=/admin/ HTTP/1.1" 302 0
INFO 2025-05-08 05:38:31,792 basehttp 32480 24380 "GET /admin/ HTTP/1.1" 200 11239
INFO 2025-05-08 05:39:14,229 basehttp 32480 24380 "GET /admin/property_managment/owner/ HTTP/1.1" 200 12301
INFO 2025-05-08 05:39:14,372 basehttp 32480 24380 "GET /admin/jsi18n/ HTTP/1.1" 200 3342
ERROR 2025-05-08 05:39:26,898 log 32480 24380 Internal Server Error: /admin/property_managment/owner/2/change/
Traceback (most recent call last):
  File "C:\Users\hasindraibe.randriat\Documents\GitHub\render_house_renting\.venv\Lib\site-packages\django\core\handlers\exception.py", line 55, in inner
    response = get_response(request)
               ^^^^^^^^^^^^^^^^^^^^^
  File "C:\Users\hasindraibe.randriat\Documents\GitHub\render_house_renting\.venv\Lib\site-packages\django\core\handlers\base.py", line 197, in _get_response
    response = wrapped_callback(request, *callback_args, **callback_kwargs)
               ^^^^^^^^^^^^^^^^^^^^^^^^^^^^^^^^^^^^^^^^^^^^^^^^^^^^^^^^^^^^
  File "C:\Users\hasindraibe.randriat\Documents\GitHub\render_house_renting\.venv\Lib\site-packages\django\contrib\admin\options.py", line 718, in wrapper
    return self.admin_site.admin_view(view)(*args, **kwargs)
           ^^^^^^^^^^^^^^^^^^^^^^^^^^^^^^^^^^^^^^^^^^^^^^^^^
  File "C:\Users\hasindraibe.randriat\Documents\GitHub\render_house_renting\.venv\Lib\site-packages\django\utils\decorators.py", line 188, in _view_wrapper
    result = _process_exception(request, e)
             ^^^^^^^^^^^^^^^^^^^^^^^^^^^^^^
  File "C:\Users\hasindraibe.randriat\Documents\GitHub\render_house_renting\.venv\Lib\site-packages\django\utils\decorators.py", line 186, in _view_wrapper
    response = view_func(request, *args, **kwargs)
               ^^^^^^^^^^^^^^^^^^^^^^^^^^^^^^^^^^^
  File "C:\Users\hasindraibe.randriat\Documents\GitHub\render_house_renting\.venv\Lib\site-packages\django\views\decorators\cache.py", line 80, in _view_wrapper
    response = view_func(request, *args, **kwargs)
               ^^^^^^^^^^^^^^^^^^^^^^^^^^^^^^^^^^^
  File "C:\Users\hasindraibe.randriat\Documents\GitHub\render_house_renting\.venv\Lib\site-packages\django\contrib\admin\sites.py", line 241, in inner
    return view(request, *args, **kwargs)
           ^^^^^^^^^^^^^^^^^^^^^^^^^^^^^^
  File "C:\Users\hasindraibe.randriat\Documents\GitHub\render_house_renting\.venv\Lib\site-packages\django\contrib\admin\options.py", line 1962, in change_view
    return self.changeform_view(request, object_id, form_url, extra_context)
           ^^^^^^^^^^^^^^^^^^^^^^^^^^^^^^^^^^^^^^^^^^^^^^^^^^^^^^^^^^^^^^^^^
  File "C:\Users\hasindraibe.randriat\Documents\GitHub\render_house_renting\.venv\Lib\site-packages\django\utils\decorators.py", line 48, in _wrapper
    return bound_method(*args, **kwargs)
           ^^^^^^^^^^^^^^^^^^^^^^^^^^^^^
  File "C:\Users\hasindraibe.randriat\Documents\GitHub\render_house_renting\.venv\Lib\site-packages\django\utils\decorators.py", line 188, in _view_wrapper
    result = _process_exception(request, e)
             ^^^^^^^^^^^^^^^^^^^^^^^^^^^^^^
  File "C:\Users\hasindraibe.randriat\Documents\GitHub\render_house_renting\.venv\Lib\site-packages\django\utils\decorators.py", line 186, in _view_wrapper
    response = view_func(request, *args, **kwargs)
               ^^^^^^^^^^^^^^^^^^^^^^^^^^^^^^^^^^^
  File "C:\Users\hasindraibe.randriat\Documents\GitHub\render_house_renting\.venv\Lib\site-packages\django\contrib\admin\options.py", line 1818, in changeform_view
    return self._changeform_view(request, object_id, form_url, extra_context)
           ^^^^^^^^^^^^^^^^^^^^^^^^^^^^^^^^^^^^^^^^^^^^^^^^^^^^^^^^^^^^^^^^^^
  File "C:\Users\hasindraibe.randriat\Documents\GitHub\render_house_renting\.venv\Lib\site-packages\django\contrib\admin\options.py", line 1928, in _changeform_view
    "subtitle": str(obj) if obj else None,
                ^^^^^^^^
  File "C:\Users\hasindraibe.randriat\Documents\GitHub\render_house_renting\property_managment\models.py", line 23, in __str__
    return self.user.f_name
           ^^^^^^^^^
  File "C:\Users\hasindraibe.randriat\Documents\GitHub\render_house_renting\.venv\Lib\site-packages\django\db\models\fields\related_descriptors.py", line 531, in __get__
    raise self.RelatedObjectDoesNotExist(
property_managment.models.Owner.user.RelatedObjectDoesNotExist: Owner has no user.
ERROR 2025-05-08 05:39:26,905 basehttp 32480 24380 "GET /admin/property_managment/owner/2/change/ HTTP/1.1" 500 136305
INFO 2025-05-08 05:39:33,615 basehttp 32480 24380 "GET /admin/property_managment/owner/ HTTP/1.1" 200 12301
INFO 2025-05-08 05:39:40,443 basehttp 32480 24380 "GET /admin/user_managment/customuser/ HTTP/1.1" 200 12419
INFO 2025-05-08 05:39:40,465 basehttp 32480 24380 "GET /admin/jsi18n/ HTTP/1.1" 200 3342
ERROR 2025-05-08 05:39:42,116 log 32480 24380 Internal Server Error: /admin/user_managment/customuser/1/change/
Traceback (most recent call last):
  File "C:\Users\hasindraibe.randriat\Documents\GitHub\render_house_renting\.venv\Lib\site-packages\django\core\handlers\exception.py", line 55, in inner
    response = get_response(request)
               ^^^^^^^^^^^^^^^^^^^^^
  File "C:\Users\hasindraibe.randriat\Documents\GitHub\render_house_renting\.venv\Lib\site-packages\django\core\handlers\base.py", line 220, in _get_response
    response = response.render()
               ^^^^^^^^^^^^^^^^^
  File "C:\Users\hasindraibe.randriat\Documents\GitHub\render_house_renting\.venv\Lib\site-packages\django\template\response.py", line 114, in render
    self.content = self.rendered_content
                   ^^^^^^^^^^^^^^^^^^^^^
  File "C:\Users\hasindraibe.randriat\Documents\GitHub\render_house_renting\.venv\Lib\site-packages\django\template\response.py", line 92, in rendered_content
    return template.render(context, self._request)
           ^^^^^^^^^^^^^^^^^^^^^^^^^^^^^^^^^^^^^^^
  File "C:\Users\hasindraibe.randriat\Documents\GitHub\render_house_renting\.venv\Lib\site-packages\django\template\backends\django.py", line 107, in render
    return self.template.render(context)
           ^^^^^^^^^^^^^^^^^^^^^^^^^^^^^
  File "C:\Users\hasindraibe.randriat\Documents\GitHub\render_house_renting\.venv\Lib\site-packages\django\template\base.py", line 171, in render
    return self._render(context)
           ^^^^^^^^^^^^^^^^^^^^^
  File "C:\Users\hasindraibe.randriat\Documents\GitHub\render_house_renting\.venv\Lib\site-packages\django\template\base.py", line 163, in _render
    return self.nodelist.render(context)
           ^^^^^^^^^^^^^^^^^^^^^^^^^^^^^
  File "C:\Users\hasindraibe.randriat\Documents\GitHub\render_house_renting\.venv\Lib\site-packages\django\template\base.py", line 1008, in render
    return SafeString("".join([node.render_annotated(context) for node in self]))
                               ^^^^^^^^^^^^^^^^^^^^^^^^^^^^^^
  File "C:\Users\hasindraibe.randriat\Documents\GitHub\render_house_renting\.venv\Lib\site-packages\django\template\base.py", line 969, in render_annotated
    return self.render(context)
           ^^^^^^^^^^^^^^^^^^^^
  File "C:\Users\hasindraibe.randriat\Documents\GitHub\render_house_renting\.venv\Lib\site-packages\django\template\loader_tags.py", line 159, in render
    return compiled_parent._render(context)
           ^^^^^^^^^^^^^^^^^^^^^^^^^^^^^^^^
  File "C:\Users\hasindraibe.randriat\Documents\GitHub\render_house_renting\.venv\Lib\site-packages\django\template\base.py", line 163, in _render
    return self.nodelist.render(context)
           ^^^^^^^^^^^^^^^^^^^^^^^^^^^^^
  File "C:\Users\hasindraibe.randriat\Documents\GitHub\render_house_renting\.venv\Lib\site-packages\django\template\base.py", line 1008, in render
    return SafeString("".join([node.render_annotated(context) for node in self]))
                               ^^^^^^^^^^^^^^^^^^^^^^^^^^^^^^
  File "C:\Users\hasindraibe.randriat\Documents\GitHub\render_house_renting\.venv\Lib\site-packages\django\template\base.py", line 969, in render_annotated
    return self.render(context)
           ^^^^^^^^^^^^^^^^^^^^
  File "C:\Users\hasindraibe.randriat\Documents\GitHub\render_house_renting\.venv\Lib\site-packages\django\template\loader_tags.py", line 159, in render
    return compiled_parent._render(context)
           ^^^^^^^^^^^^^^^^^^^^^^^^^^^^^^^^
  File "C:\Users\hasindraibe.randriat\Documents\GitHub\render_house_renting\.venv\Lib\site-packages\django\template\base.py", line 163, in _render
    return self.nodelist.render(context)
           ^^^^^^^^^^^^^^^^^^^^^^^^^^^^^
  File "C:\Users\hasindraibe.randriat\Documents\GitHub\render_house_renting\.venv\Lib\site-packages\django\template\base.py", line 1008, in render
    return SafeString("".join([node.render_annotated(context) for node in self]))
                               ^^^^^^^^^^^^^^^^^^^^^^^^^^^^^^
  File "C:\Users\hasindraibe.randriat\Documents\GitHub\render_house_renting\.venv\Lib\site-packages\django\template\base.py", line 969, in render_annotated
    return self.render(context)
           ^^^^^^^^^^^^^^^^^^^^
  File "C:\Users\hasindraibe.randriat\Documents\GitHub\render_house_renting\.venv\Lib\site-packages\django\template\loader_tags.py", line 65, in render
    result = block.nodelist.render(context)
             ^^^^^^^^^^^^^^^^^^^^^^^^^^^^^^
  File "C:\Users\hasindraibe.randriat\Documents\GitHub\render_house_renting\.venv\Lib\site-packages\django\template\base.py", line 1008, in render
    return SafeString("".join([node.render_annotated(context) for node in self]))
                               ^^^^^^^^^^^^^^^^^^^^^^^^^^^^^^
  File "C:\Users\hasindraibe.randriat\Documents\GitHub\render_house_renting\.venv\Lib\site-packages\django\template\base.py", line 969, in render_annotated
    return self.render(context)
           ^^^^^^^^^^^^^^^^^^^^
  File "C:\Users\hasindraibe.randriat\Documents\GitHub\render_house_renting\.venv\Lib\site-packages\django\template\loader_tags.py", line 65, in render
    result = block.nodelist.render(context)
             ^^^^^^^^^^^^^^^^^^^^^^^^^^^^^^
  File "C:\Users\hasindraibe.randriat\Documents\GitHub\render_house_renting\.venv\Lib\site-packages\django\template\base.py", line 1008, in render
    return SafeString("".join([node.render_annotated(context) for node in self]))
                               ^^^^^^^^^^^^^^^^^^^^^^^^^^^^^^
  File "C:\Users\hasindraibe.randriat\Documents\GitHub\render_house_renting\.venv\Lib\site-packages\django\template\base.py", line 969, in render_annotated
    return self.render(context)
           ^^^^^^^^^^^^^^^^^^^^
  File "C:\Users\hasindraibe.randriat\Documents\GitHub\render_house_renting\.venv\Lib\site-packages\django\template\defaulttags.py", line 243, in render
    nodelist.append(node.render_annotated(context))
                    ^^^^^^^^^^^^^^^^^^^^^^^^^^^^^^
  File "C:\Users\hasindraibe.randriat\Documents\GitHub\render_house_renting\.venv\Lib\site-packages\django\template\base.py", line 969, in render_annotated
    return self.render(context)
           ^^^^^^^^^^^^^^^^^^^^
  File "C:\Users\hasindraibe.randriat\Documents\GitHub\render_house_renting\.venv\Lib\site-packages\django\template\loader_tags.py", line 210, in render
    return template.render(context)
           ^^^^^^^^^^^^^^^^^^^^^^^^
  File "C:\Users\hasindraibe.randriat\Documents\GitHub\render_house_renting\.venv\Lib\site-packages\django\template\base.py", line 173, in render
    return self._render(context)
           ^^^^^^^^^^^^^^^^^^^^^
  File "C:\Users\hasindraibe.randriat\Documents\GitHub\render_house_renting\.venv\Lib\site-packages\django\template\base.py", line 163, in _render
    return self.nodelist.render(context)
           ^^^^^^^^^^^^^^^^^^^^^^^^^^^^^
  File "C:\Users\hasindraibe.randriat\Documents\GitHub\render_house_renting\.venv\Lib\site-packages\django\template\base.py", line 1008, in render
    return SafeString("".join([node.render_annotated(context) for node in self]))
                               ^^^^^^^^^^^^^^^^^^^^^^^^^^^^^^
  File "C:\Users\hasindraibe.randriat\Documents\GitHub\render_house_renting\.venv\Lib\site-packages\django\template\base.py", line 969, in render_annotated
    return self.render(context)
           ^^^^^^^^^^^^^^^^^^^^
  File "C:\Users\hasindraibe.randriat\Documents\GitHub\render_house_renting\.venv\Lib\site-packages\django\template\defaulttags.py", line 243, in render
    nodelist.append(node.render_annotated(context))
                    ^^^^^^^^^^^^^^^^^^^^^^^^^^^^^^
  File "C:\Users\hasindraibe.randriat\Documents\GitHub\render_house_renting\.venv\Lib\site-packages\django\template\base.py", line 969, in render_annotated
    return self.render(context)
           ^^^^^^^^^^^^^^^^^^^^
  File "C:\Users\hasindraibe.randriat\Documents\GitHub\render_house_renting\.venv\Lib\site-packages\django\template\defaulttags.py", line 243, in render
    nodelist.append(node.render_annotated(context))
                    ^^^^^^^^^^^^^^^^^^^^^^^^^^^^^^
  File "C:\Users\hasindraibe.randriat\Documents\GitHub\render_house_renting\.venv\Lib\site-packages\django\template\base.py", line 969, in render_annotated
    return self.render(context)
           ^^^^^^^^^^^^^^^^^^^^
  File "C:\Users\hasindraibe.randriat\Documents\GitHub\render_house_renting\.venv\Lib\site-packages\django\template\defaulttags.py", line 327, in render
    return nodelist.render(context)
           ^^^^^^^^^^^^^^^^^^^^^^^^
  File "C:\Users\hasindraibe.randriat\Documents\GitHub\render_house_renting\.venv\Lib\site-packages\django\template\base.py", line 1008, in render
    return SafeString("".join([node.render_annotated(context) for node in self]))
                               ^^^^^^^^^^^^^^^^^^^^^^^^^^^^^^
  File "C:\Users\hasindraibe.randriat\Documents\GitHub\render_house_renting\.venv\Lib\site-packages\django\template\base.py", line 969, in render_annotated
    return self.render(context)
           ^^^^^^^^^^^^^^^^^^^^
  File "C:\Users\hasindraibe.randriat\Documents\GitHub\render_house_renting\.venv\Lib\site-packages\django\template\defaulttags.py", line 327, in render
    return nodelist.render(context)
           ^^^^^^^^^^^^^^^^^^^^^^^^
  File "C:\Users\hasindraibe.randriat\Documents\GitHub\render_house_renting\.venv\Lib\site-packages\django\template\base.py", line 1008, in render
    return SafeString("".join([node.render_annotated(context) for node in self]))
                               ^^^^^^^^^^^^^^^^^^^^^^^^^^^^^^
  File "C:\Users\hasindraibe.randriat\Documents\GitHub\render_house_renting\.venv\Lib\site-packages\django\template\base.py", line 969, in render_annotated
    return self.render(context)
           ^^^^^^^^^^^^^^^^^^^^
  File "C:\Users\hasindraibe.randriat\Documents\GitHub\render_house_renting\.venv\Lib\site-packages\django\template\base.py", line 1073, in render
    return render_value_in_context(output, context)
           ^^^^^^^^^^^^^^^^^^^^^^^^^^^^^^^^^^^^^^^^
  File "C:\Users\hasindraibe.randriat\Documents\GitHub\render_house_renting\.venv\Lib\site-packages\django\template\base.py", line 1050, in render_value_in_context
    value = str(value)
            ^^^^^^^^^^
  File "C:\Users\hasindraibe.randriat\Documents\GitHub\render_house_renting\.venv\Lib\site-packages\django\forms\utils.py", line 79, in __str__
    return self.as_widget()
           ^^^^^^^^^^^^^^^^
  File "C:\Users\hasindraibe.randriat\Documents\GitHub\render_house_renting\.venv\Lib\site-packages\django\forms\boundfield.py", line 108, in as_widget
    return widget.render(
           ^^^^^^^^^^^^^^
  File "C:\Users\hasindraibe.randriat\Documents\GitHub\render_house_renting\.venv\Lib\site-packages\django\forms\widgets.py", line 278, in render
    context = self.get_context(name, value, attrs)
              ^^^^^^^^^^^^^^^^^^^^^^^^^^^^^^^^^^^^
  File "C:\Users\hasindraibe.randriat\Documents\GitHub\render_house_renting\.venv\Lib\site-packages\django\contrib\admin\widgets.py", line 329, in get_context
    "rendered_widget": self.widget.render(name, value, attrs),
                       ^^^^^^^^^^^^^^^^^^^^^^^^^^^^^^^^^^^^^^
  File "C:\Users\hasindraibe.randriat\Documents\GitHub\render_house_renting\.venv\Lib\site-packages\django\forms\widgets.py", line 278, in render
    context = self.get_context(name, value, attrs)
              ^^^^^^^^^^^^^^^^^^^^^^^^^^^^^^^^^^^^
  File "C:\Users\hasindraibe.randriat\Documents\GitHub\render_house_renting\.venv\Lib\site-packages\django\forms\widgets.py", line 764, in get_context
    context = super().get_context(name, value, attrs)
              ^^^^^^^^^^^^^^^^^^^^^^^^^^^^^^^^^^^^^^^
  File "C:\Users\hasindraibe.randriat\Documents\GitHub\render_house_renting\.venv\Lib\site-packages\django\forms\widgets.py", line 715, in get_context
    context["widget"]["optgroups"] = self.optgroups(
                                     ^^^^^^^^^^^^^^^
  File "C:\Users\hasindraibe.randriat\Documents\GitHub\render_house_renting\.venv\Lib\site-packages\django\forms\widgets.py", line 655, in optgroups
    for index, (option_value, option_label) in enumerate(self.choices):
  File "C:\Users\hasindraibe.randriat\Documents\GitHub\render_house_renting\.venv\Lib\site-packages\django\forms\models.py", line 1425, in __iter__
    yield self.choice(obj)
          ^^^^^^^^^^^^^^^^
  File "C:\Users\hasindraibe.randriat\Documents\GitHub\render_house_renting\.venv\Lib\site-packages\django\forms\models.py", line 1439, in choice
    self.field.label_from_instance(obj),
    ^^^^^^^^^^^^^^^^^^^^^^^^^^^^^^^^^^^
  File "C:\Users\hasindraibe.randriat\Documents\GitHub\render_house_renting\.venv\Lib\site-packages\django\forms\models.py", line 1529, in label_from_instance
    return str(obj)
           ^^^^^^^^
  File "C:\Users\hasindraibe.randriat\Documents\GitHub\render_house_renting\property_managment\models.py", line 23, in __str__
    return self.user.f_name
           ^^^^^^^^^
  File "C:\Users\hasindraibe.randriat\Documents\GitHub\render_house_renting\.venv\Lib\site-packages\django\db\models\fields\related_descriptors.py", line 531, in __get__
    raise self.RelatedObjectDoesNotExist(
property_managment.models.Owner.user.RelatedObjectDoesNotExist: Owner has no user.
ERROR 2025-05-08 05:39:42,138 basehttp 32480 24380 "GET /admin/user_managment/customuser/1/change/ HTTP/1.1" 500 606779
INFO 2025-05-08 05:39:44,999 basehttp 32480 24380 "GET /admin/user_managment/customuser/ HTTP/1.1" 200 12419
INFO 2025-05-08 05:41:47,058 basehttp 32480 24380 "GET /admin/property_managment/owner/ HTTP/1.1" 302 0
INFO 2025-05-08 05:41:47,210 basehttp 32480 24380 "GET /admin/login/?next=/admin/property_managment/owner/ HTTP/1.1" 200 4210
WARNING 2025-05-08 05:41:48,674 log 32480 24380 Not Found: /favicon.ico
WARNING 2025-05-08 05:41:48,676 basehttp 32480 24380 "GET /favicon.ico HTTP/1.1" 404 2800
INFO 2025-05-08 05:41:55,039 basehttp 32480 24380 "POST /admin/login/?next=/admin/property_managment/owner/ HTTP/1.1" 302 0
INFO 2025-05-08 05:41:55,057 basehttp 32480 24380 "GET /admin/property_managment/owner/ HTTP/1.1" 200 11149
INFO 2025-05-08 05:41:55,100 basehttp 32480 24380 "GET /admin/jsi18n/ HTTP/1.1" 200 3342
INFO 2025-05-08 05:41:57,731 basehttp 32480 24380 "GET /admin/user_managment/customuser/ HTTP/1.1" 200 12419
INFO 2025-05-08 05:41:57,756 basehttp 32480 24380 "GET /admin/jsi18n/ HTTP/1.1" 200 3342
INFO 2025-05-08 05:41:59,816 basehttp 32480 24380 "GET /admin/user_managment/customuser/1/change/ HTTP/1.1" 200 32818
INFO 2025-05-08 05:41:59,841 basehttp 32480 24380 "GET /admin/jsi18n/ HTTP/1.1" 200 3342
INFO 2025-05-08 05:42:00,015 basehttp 32480 24380 "GET /static/admin/img/icon-clock.svg HTTP/1.1" 200 677
INFO 2025-05-08 05:42:04,734 basehttp 32480 24380 "GET /admin/property_managment/owner/ HTTP/1.1" 200 11149
INFO 2025-05-08 05:42:04,758 basehttp 32480 24380 "GET /admin/jsi18n/ HTTP/1.1" 200 3342
INFO 2025-05-08 05:42:06,683 basehttp 32480 24380 "GET /admin/property_managment/owner/add/ HTTP/1.1" 200 15526
INFO 2025-05-08 05:42:06,707 basehttp 32480 24380 "GET /admin/jsi18n/ HTTP/1.1" 200 3342
WARNING 2025-05-08 05:42:09,163 log 32480 24380 Not Found: /favicon.ico
WARNING 2025-05-08 05:42:09,163 basehttp 32480 24380 "GET /favicon.ico HTTP/1.1" 404 2800
INFO 2025-05-08 05:42:16,046 basehttp 32480 24380 "GET /admin/user_managment/customuser/ HTTP/1.1" 200 12419
INFO 2025-05-08 05:42:16,074 basehttp 32480 24380 "GET /admin/jsi18n/ HTTP/1.1" 200 3342
INFO 2025-05-08 05:42:18,630 basehttp 32480 24380 "GET /admin/user_managment/customuser/1/change/ HTTP/1.1" 200 32818
INFO 2025-05-08 05:42:18,657 basehttp 32480 24380 "GET /admin/jsi18n/ HTTP/1.1" 200 3342
INFO 2025-05-08 05:42:26,156 basehttp 32480 24380 "GET /admin/property_managment/owner/add/?_to_field=id&_popup=1 HTTP/1.1" 200 7982
INFO 2025-05-08 05:42:26,180 basehttp 32480 24380 "GET /admin/jsi18n/ HTTP/1.1" 200 3342
WARNING 2025-05-08 05:42:27,793 log 32480 24380 Not Found: /favicon.ico
WARNING 2025-05-08 05:42:27,793 basehttp 32480 24380 "GET /favicon.ico HTTP/1.1" 404 2800
ERROR 2025-05-08 05:42:43,638 log 32480 24380 Internal Server Error: /admin/property_managment/owner/add/
Traceback (most recent call last):
  File "C:\Users\hasindraibe.randriat\Documents\GitHub\render_house_renting\.venv\Lib\site-packages\django\core\handlers\exception.py", line 55, in inner
    response = get_response(request)
               ^^^^^^^^^^^^^^^^^^^^^
  File "C:\Users\hasindraibe.randriat\Documents\GitHub\render_house_renting\.venv\Lib\site-packages\django\core\handlers\base.py", line 197, in _get_response
    response = wrapped_callback(request, *callback_args, **callback_kwargs)
               ^^^^^^^^^^^^^^^^^^^^^^^^^^^^^^^^^^^^^^^^^^^^^^^^^^^^^^^^^^^^
  File "C:\Users\hasindraibe.randriat\Documents\GitHub\render_house_renting\.venv\Lib\site-packages\django\contrib\admin\options.py", line 718, in wrapper
    return self.admin_site.admin_view(view)(*args, **kwargs)
           ^^^^^^^^^^^^^^^^^^^^^^^^^^^^^^^^^^^^^^^^^^^^^^^^^
  File "C:\Users\hasindraibe.randriat\Documents\GitHub\render_house_renting\.venv\Lib\site-packages\django\utils\decorators.py", line 188, in _view_wrapper
    result = _process_exception(request, e)
             ^^^^^^^^^^^^^^^^^^^^^^^^^^^^^^
  File "C:\Users\hasindraibe.randriat\Documents\GitHub\render_house_renting\.venv\Lib\site-packages\django\utils\decorators.py", line 186, in _view_wrapper
    response = view_func(request, *args, **kwargs)
               ^^^^^^^^^^^^^^^^^^^^^^^^^^^^^^^^^^^
  File "C:\Users\hasindraibe.randriat\Documents\GitHub\render_house_renting\.venv\Lib\site-packages\django\views\decorators\cache.py", line 80, in _view_wrapper
    response = view_func(request, *args, **kwargs)
               ^^^^^^^^^^^^^^^^^^^^^^^^^^^^^^^^^^^
  File "C:\Users\hasindraibe.randriat\Documents\GitHub\render_house_renting\.venv\Lib\site-packages\django\contrib\admin\sites.py", line 241, in inner
    return view(request, *args, **kwargs)
           ^^^^^^^^^^^^^^^^^^^^^^^^^^^^^^
  File "C:\Users\hasindraibe.randriat\Documents\GitHub\render_house_renting\.venv\Lib\site-packages\django\contrib\admin\options.py", line 1959, in add_view
    return self.changeform_view(request, None, form_url, extra_context)
           ^^^^^^^^^^^^^^^^^^^^^^^^^^^^^^^^^^^^^^^^^^^^^^^^^^^^^^^^^^^^
  File "C:\Users\hasindraibe.randriat\Documents\GitHub\render_house_renting\.venv\Lib\site-packages\django\utils\decorators.py", line 48, in _wrapper
    return bound_method(*args, **kwargs)
           ^^^^^^^^^^^^^^^^^^^^^^^^^^^^^
  File "C:\Users\hasindraibe.randriat\Documents\GitHub\render_house_renting\.venv\Lib\site-packages\django\utils\decorators.py", line 188, in _view_wrapper
    result = _process_exception(request, e)
             ^^^^^^^^^^^^^^^^^^^^^^^^^^^^^^
  File "C:\Users\hasindraibe.randriat\Documents\GitHub\render_house_renting\.venv\Lib\site-packages\django\utils\decorators.py", line 186, in _view_wrapper
    response = view_func(request, *args, **kwargs)
               ^^^^^^^^^^^^^^^^^^^^^^^^^^^^^^^^^^^
  File "C:\Users\hasindraibe.randriat\Documents\GitHub\render_house_renting\.venv\Lib\site-packages\django\contrib\admin\options.py", line 1818, in changeform_view
    return self._changeform_view(request, object_id, form_url, extra_context)
           ^^^^^^^^^^^^^^^^^^^^^^^^^^^^^^^^^^^^^^^^^^^^^^^^^^^^^^^^^^^^^^^^^^
  File "C:\Users\hasindraibe.randriat\Documents\GitHub\render_house_renting\.venv\Lib\site-packages\django\contrib\admin\options.py", line 1875, in _changeform_view
    self.log_addition(request, new_object, change_message)
  File "C:\Users\hasindraibe.randriat\Documents\GitHub\render_house_renting\.venv\Lib\site-packages\django\contrib\admin\options.py", line 952, in log_addition
    return LogEntry.objects.log_actions(
           ^^^^^^^^^^^^^^^^^^^^^^^^^^^^^
  File "C:\Users\hasindraibe.randriat\Documents\GitHub\render_house_renting\.venv\Lib\site-packages\django\contrib\admin\models.py", line 87, in log_actions
    object_repr=str(obj)[:200],
                ^^^^^^^^
  File "C:\Users\hasindraibe.randriat\Documents\GitHub\render_house_renting\property_managment\models.py", line 23, in __str__
    return self.user.f_name
           ^^^^^^^^^
  File "C:\Users\hasindraibe.randriat\Documents\GitHub\render_house_renting\.venv\Lib\site-packages\django\db\models\fields\related_descriptors.py", line 531, in __get__
    raise self.RelatedObjectDoesNotExist(
property_managment.models.Owner.user.RelatedObjectDoesNotExist: Owner has no user.
ERROR 2025-05-08 05:42:43,643 basehttp 32480 24380 "POST /admin/property_managment/owner/add/?_to_field=id&_popup=1 HTTP/1.1" 500 147074
INFO 2025-05-08 05:44:08,347 autoreload 32480 5608 C:\Users\hasindraibe.randriat\Documents\GitHub\render_house_renting\property_managment\models.py changed, reloading.
INFO 2025-05-08 05:44:09,453 autoreload 11704 29444 Watching for file changes with StatReloader
INFO 2025-05-08 05:44:38,301 autoreload 11704 29444 C:\Users\hasindraibe.randriat\Documents\GitHub\render_house_renting\property_managment\models.py changed, reloading.
INFO 2025-05-08 05:44:39,419 autoreload 31328 3052 Watching for file changes with StatReloader
INFO 2025-05-08 05:44:43,285 basehttp 31328 13004 "GET /admin/property_managment/owner/add/?_to_field=id&_popup=1 HTTP/1.1" 200 7982
INFO 2025-05-08 05:44:43,334 basehttp 31328 13004 "GET /admin/jsi18n/ HTTP/1.1" 200 3342
WARNING 2025-05-08 05:44:45,077 log 31328 13004 Not Found: /favicon.ico
WARNING 2025-05-08 05:44:45,078 basehttp 31328 13004 "GET /favicon.ico HTTP/1.1" 404 2800
ERROR 2025-05-08 05:44:51,656 log 31328 13004 Internal Server Error: /admin/property_managment/owner/add/
Traceback (most recent call last):
  File "C:\Users\hasindraibe.randriat\Documents\GitHub\render_house_renting\.venv\Lib\site-packages\django\core\handlers\exception.py", line 55, in inner
    response = get_response(request)
               ^^^^^^^^^^^^^^^^^^^^^
  File "C:\Users\hasindraibe.randriat\Documents\GitHub\render_house_renting\.venv\Lib\site-packages\django\core\handlers\base.py", line 197, in _get_response
    response = wrapped_callback(request, *callback_args, **callback_kwargs)
               ^^^^^^^^^^^^^^^^^^^^^^^^^^^^^^^^^^^^^^^^^^^^^^^^^^^^^^^^^^^^
  File "C:\Users\hasindraibe.randriat\Documents\GitHub\render_house_renting\.venv\Lib\site-packages\django\contrib\admin\options.py", line 718, in wrapper
    return self.admin_site.admin_view(view)(*args, **kwargs)
           ^^^^^^^^^^^^^^^^^^^^^^^^^^^^^^^^^^^^^^^^^^^^^^^^^
  File "C:\Users\hasindraibe.randriat\Documents\GitHub\render_house_renting\.venv\Lib\site-packages\django\utils\decorators.py", line 188, in _view_wrapper
    result = _process_exception(request, e)
             ^^^^^^^^^^^^^^^^^^^^^^^^^^^^^^
  File "C:\Users\hasindraibe.randriat\Documents\GitHub\render_house_renting\.venv\Lib\site-packages\django\utils\decorators.py", line 186, in _view_wrapper
    response = view_func(request, *args, **kwargs)
               ^^^^^^^^^^^^^^^^^^^^^^^^^^^^^^^^^^^
  File "C:\Users\hasindraibe.randriat\Documents\GitHub\render_house_renting\.venv\Lib\site-packages\django\views\decorators\cache.py", line 80, in _view_wrapper
    response = view_func(request, *args, **kwargs)
               ^^^^^^^^^^^^^^^^^^^^^^^^^^^^^^^^^^^
  File "C:\Users\hasindraibe.randriat\Documents\GitHub\render_house_renting\.venv\Lib\site-packages\django\contrib\admin\sites.py", line 241, in inner
    return view(request, *args, **kwargs)
           ^^^^^^^^^^^^^^^^^^^^^^^^^^^^^^
  File "C:\Users\hasindraibe.randriat\Documents\GitHub\render_house_renting\.venv\Lib\site-packages\django\contrib\admin\options.py", line 1959, in add_view
    return self.changeform_view(request, None, form_url, extra_context)
           ^^^^^^^^^^^^^^^^^^^^^^^^^^^^^^^^^^^^^^^^^^^^^^^^^^^^^^^^^^^^
  File "C:\Users\hasindraibe.randriat\Documents\GitHub\render_house_renting\.venv\Lib\site-packages\django\utils\decorators.py", line 48, in _wrapper
    return bound_method(*args, **kwargs)
           ^^^^^^^^^^^^^^^^^^^^^^^^^^^^^
  File "C:\Users\hasindraibe.randriat\Documents\GitHub\render_house_renting\.venv\Lib\site-packages\django\utils\decorators.py", line 188, in _view_wrapper
    result = _process_exception(request, e)
             ^^^^^^^^^^^^^^^^^^^^^^^^^^^^^^
  File "C:\Users\hasindraibe.randriat\Documents\GitHub\render_house_renting\.venv\Lib\site-packages\django\utils\decorators.py", line 186, in _view_wrapper
    response = view_func(request, *args, **kwargs)
               ^^^^^^^^^^^^^^^^^^^^^^^^^^^^^^^^^^^
  File "C:\Users\hasindraibe.randriat\Documents\GitHub\render_house_renting\.venv\Lib\site-packages\django\contrib\admin\options.py", line 1818, in changeform_view
    return self._changeform_view(request, object_id, form_url, extra_context)
           ^^^^^^^^^^^^^^^^^^^^^^^^^^^^^^^^^^^^^^^^^^^^^^^^^^^^^^^^^^^^^^^^^^
  File "C:\Users\hasindraibe.randriat\Documents\GitHub\render_house_renting\.venv\Lib\site-packages\django\contrib\admin\options.py", line 1875, in _changeform_view
    self.log_addition(request, new_object, change_message)
  File "C:\Users\hasindraibe.randriat\Documents\GitHub\render_house_renting\.venv\Lib\site-packages\django\contrib\admin\options.py", line 952, in log_addition
    return LogEntry.objects.log_actions(
           ^^^^^^^^^^^^^^^^^^^^^^^^^^^^^
  File "C:\Users\hasindraibe.randriat\Documents\GitHub\render_house_renting\.venv\Lib\site-packages\django\contrib\admin\models.py", line 87, in log_actions
    object_repr=str(obj)[:200],
                ^^^^^^^^
  File "C:\Users\hasindraibe.randriat\Documents\GitHub\render_house_renting\property_managment\models.py", line 23, in __str__
    if self.user.f_name:
       ^^^^^^^^^
  File "C:\Users\hasindraibe.randriat\Documents\GitHub\render_house_renting\.venv\Lib\site-packages\django\db\models\fields\related_descriptors.py", line 531, in __get__
    raise self.RelatedObjectDoesNotExist(
property_managment.models.Owner.user.RelatedObjectDoesNotExist: Owner has no user.
ERROR 2025-05-08 05:44:51,669 basehttp 31328 13004 "POST /admin/property_managment/owner/add/?_to_field=id&_popup=1 HTTP/1.1" 500 147026
INFO 2025-05-08 05:45:03,919 autoreload 31328 3052 C:\Users\hasindraibe.randriat\Documents\GitHub\render_house_renting\property_managment\models.py changed, reloading.
INFO 2025-05-08 05:45:05,072 autoreload 15660 2688 Watching for file changes with StatReloader
INFO 2025-05-08 05:45:13,950 basehttp 15660 7012 "GET /admin/property_managment/owner/add/?_to_field=id&_popup=1 HTTP/1.1" 200 7982
INFO 2025-05-08 05:45:13,981 basehttp 15660 7012 "GET /admin/jsi18n/ HTTP/1.1" 200 3342
WARNING 2025-05-08 05:45:17,880 log 15660 7012 Not Found: /favicon.ico
WARNING 2025-05-08 05:45:17,880 basehttp 15660 7012 "GET /favicon.ico HTTP/1.1" 404 2800
ERROR 2025-05-08 05:45:20,611 log 15660 7012 Internal Server Error: /admin/property_managment/owner/add/
Traceback (most recent call last):
  File "C:\Users\hasindraibe.randriat\Documents\GitHub\render_house_renting\.venv\Lib\site-packages\django\core\handlers\exception.py", line 55, in inner
    response = get_response(request)
               ^^^^^^^^^^^^^^^^^^^^^
  File "C:\Users\hasindraibe.randriat\Documents\GitHub\render_house_renting\.venv\Lib\site-packages\django\core\handlers\base.py", line 197, in _get_response
    response = wrapped_callback(request, *callback_args, **callback_kwargs)
               ^^^^^^^^^^^^^^^^^^^^^^^^^^^^^^^^^^^^^^^^^^^^^^^^^^^^^^^^^^^^
  File "C:\Users\hasindraibe.randriat\Documents\GitHub\render_house_renting\.venv\Lib\site-packages\django\contrib\admin\options.py", line 718, in wrapper
    return self.admin_site.admin_view(view)(*args, **kwargs)
           ^^^^^^^^^^^^^^^^^^^^^^^^^^^^^^^^^^^^^^^^^^^^^^^^^
  File "C:\Users\hasindraibe.randriat\Documents\GitHub\render_house_renting\.venv\Lib\site-packages\django\utils\decorators.py", line 188, in _view_wrapper
    result = _process_exception(request, e)
             ^^^^^^^^^^^^^^^^^^^^^^^^^^^^^^
  File "C:\Users\hasindraibe.randriat\Documents\GitHub\render_house_renting\.venv\Lib\site-packages\django\utils\decorators.py", line 186, in _view_wrapper
    response = view_func(request, *args, **kwargs)
               ^^^^^^^^^^^^^^^^^^^^^^^^^^^^^^^^^^^
  File "C:\Users\hasindraibe.randriat\Documents\GitHub\render_house_renting\.venv\Lib\site-packages\django\views\decorators\cache.py", line 80, in _view_wrapper
    response = view_func(request, *args, **kwargs)
               ^^^^^^^^^^^^^^^^^^^^^^^^^^^^^^^^^^^
  File "C:\Users\hasindraibe.randriat\Documents\GitHub\render_house_renting\.venv\Lib\site-packages\django\contrib\admin\sites.py", line 241, in inner
    return view(request, *args, **kwargs)
           ^^^^^^^^^^^^^^^^^^^^^^^^^^^^^^
  File "C:\Users\hasindraibe.randriat\Documents\GitHub\render_house_renting\.venv\Lib\site-packages\django\contrib\admin\options.py", line 1959, in add_view
    return self.changeform_view(request, None, form_url, extra_context)
           ^^^^^^^^^^^^^^^^^^^^^^^^^^^^^^^^^^^^^^^^^^^^^^^^^^^^^^^^^^^^
  File "C:\Users\hasindraibe.randriat\Documents\GitHub\render_house_renting\.venv\Lib\site-packages\django\utils\decorators.py", line 48, in _wrapper
    return bound_method(*args, **kwargs)
           ^^^^^^^^^^^^^^^^^^^^^^^^^^^^^
  File "C:\Users\hasindraibe.randriat\Documents\GitHub\render_house_renting\.venv\Lib\site-packages\django\utils\decorators.py", line 188, in _view_wrapper
    result = _process_exception(request, e)
             ^^^^^^^^^^^^^^^^^^^^^^^^^^^^^^
  File "C:\Users\hasindraibe.randriat\Documents\GitHub\render_house_renting\.venv\Lib\site-packages\django\utils\decorators.py", line 186, in _view_wrapper
    response = view_func(request, *args, **kwargs)
               ^^^^^^^^^^^^^^^^^^^^^^^^^^^^^^^^^^^
  File "C:\Users\hasindraibe.randriat\Documents\GitHub\render_house_renting\.venv\Lib\site-packages\django\contrib\admin\options.py", line 1818, in changeform_view
    return self._changeform_view(request, object_id, form_url, extra_context)
           ^^^^^^^^^^^^^^^^^^^^^^^^^^^^^^^^^^^^^^^^^^^^^^^^^^^^^^^^^^^^^^^^^^
  File "C:\Users\hasindraibe.randriat\Documents\GitHub\render_house_renting\.venv\Lib\site-packages\django\contrib\admin\options.py", line 1875, in _changeform_view
    self.log_addition(request, new_object, change_message)
  File "C:\Users\hasindraibe.randriat\Documents\GitHub\render_house_renting\.venv\Lib\site-packages\django\contrib\admin\options.py", line 952, in log_addition
    return LogEntry.objects.log_actions(
           ^^^^^^^^^^^^^^^^^^^^^^^^^^^^^
  File "C:\Users\hasindraibe.randriat\Documents\GitHub\render_house_renting\.venv\Lib\site-packages\django\contrib\admin\models.py", line 87, in log_actions
    object_repr=str(obj)[:200],
                ^^^^^^^^
  File "C:\Users\hasindraibe.randriat\Documents\GitHub\render_house_renting\property_managment\models.py", line 23, in __str__
    if self.user:
       ^^^^^^^^^
  File "C:\Users\hasindraibe.randriat\Documents\GitHub\render_house_renting\.venv\Lib\site-packages\django\db\models\fields\related_descriptors.py", line 531, in __get__
    raise self.RelatedObjectDoesNotExist(
property_managment.models.Owner.user.RelatedObjectDoesNotExist: Owner has no user.
ERROR 2025-05-08 05:45:20,619 basehttp 15660 7012 "POST /admin/property_managment/owner/add/?_to_field=id&_popup=1 HTTP/1.1" 500 147040
INFO 2025-05-08 05:46:06,800 autoreload 15660 2688 C:\Users\hasindraibe.randriat\Documents\GitHub\render_house_renting\property_managment\models.py changed, reloading.
INFO 2025-05-08 05:46:07,938 autoreload 17732 14624 Watching for file changes with StatReloader
INFO 2025-05-08 05:46:11,923 basehttp 17732 5928 "GET /admin/property_managment/owner/add/?_to_field=id&_popup=1 HTTP/1.1" 200 7982
INFO 2025-05-08 05:46:11,956 basehttp 17732 5928 "GET /admin/jsi18n/ HTTP/1.1" 200 3342
WARNING 2025-05-08 05:46:13,669 log 17732 5928 Not Found: /favicon.ico
WARNING 2025-05-08 05:46:13,669 basehttp 17732 5928 "GET /favicon.ico HTTP/1.1" 404 2800
INFO 2025-05-08 05:46:19,762 basehttp 17732 5928 "POST /admin/property_managment/owner/add/?_to_field=id&_popup=1 HTTP/1.1" 200 330
INFO 2025-05-08 05:46:19,894 basehttp 17732 5928 "GET /static/admin/js/popup_response.js HTTP/1.1" 200 532
INFO 2025-05-08 05:46:53,395 autoreload 17732 14624 C:\Users\hasindraibe.randriat\Documents\GitHub\render_house_renting\property_managment\models.py changed, reloading.
INFO 2025-05-08 05:46:54,663 autoreload 34048 26216 Watching for file changes with StatReloader
INFO 2025-05-08 05:47:35,924 basehttp 34048 32100 "GET /admin/property_managment/owner/ HTTP/1.1" 200 12441
INFO 2025-05-08 05:47:35,954 basehttp 34048 32100 "GET /admin/jsi18n/ HTTP/1.1" 200 3342
INFO 2025-05-08 05:47:37,313 basehttp 34048 32100 "GET /admin/property_managment/owner/1/change/ HTTP/1.1" 200 16431
INFO 2025-05-08 05:47:37,339 basehttp 34048 32100 "GET /admin/jsi18n/ HTTP/1.1" 200 3342
WARNING 2025-05-08 05:47:39,982 log 34048 32100 Not Found: /favicon.ico
WARNING 2025-05-08 05:47:39,982 basehttp 34048 32100 "GET /favicon.ico HTTP/1.1" 404 2800
INFO 2025-05-08 05:47:52,126 basehttp 34048 32100 "POST /admin/property_managment/owner/1/change/ HTTP/1.1" 302 0
INFO 2025-05-08 05:47:52,159 basehttp 34048 32100 "GET /admin/property_managment/owner/ HTTP/1.1" 200 12655
INFO 2025-05-08 05:47:52,182 basehttp 34048 32100 "GET /admin/jsi18n/ HTTP/1.1" 200 3342
INFO 2025-05-08 05:47:57,746 autoreload 34048 26216 C:\Users\hasindraibe.randriat\Documents\GitHub\render_house_renting\property_managment\models.py changed, reloading.
INFO 2025-05-08 05:47:58,960 autoreload 19596 5180 Watching for file changes with StatReloader
INFO 2025-05-08 05:48:00,936 basehttp 19596 20324 "GET /admin/property_managment/owner/ HTTP/1.1" 200 12435
INFO 2025-05-08 05:48:00,965 basehttp 19596 20324 "GET /admin/jsi18n/ HTTP/1.1" 200 3342
INFO 2025-05-08 05:48:03,079 basehttp 19596 20324 "GET /admin/property_managment/owner/1/change/ HTTP/1.1" 200 16438
INFO 2025-05-08 05:48:03,109 basehttp 19596 20324 "GET /admin/jsi18n/ HTTP/1.1" 200 3342
INFO 2025-05-08 05:49:37,232 basehttp 19596 20324 "GET /admin/property_managment/property/ HTTP/1.1" 200 12809
INFO 2025-05-08 05:49:37,261 basehttp 19596 20324 "GET /admin/jsi18n/ HTTP/1.1" 200 3342
INFO 2025-05-08 05:49:39,504 basehttp 19596 20324 "GET /admin/property_managment/propertyimages/ HTTP/1.1" 200 13207
INFO 2025-05-08 05:49:39,532 basehttp 19596 20324 "GET /admin/jsi18n/ HTTP/1.1" 200 3342
INFO 2025-05-08 05:50:37,266 basehttp 19596 14200 code 400, message Bad request version ('\x13')
ERROR 2025-05-08 05:50:37,266 basehttp 19596 14200 You're accessing the development server over HTTPS, but it only supports HTTP.
INFO 2025-05-08 05:50:41,901 basehttp 19596 20040 code 400, message Bad request version ('\x13')
ERROR 2025-05-08 05:50:41,901 basehttp 19596 20040 You're accessing the development server over HTTPS, but it only supports HTTP.
INFO 2025-05-08 05:50:47,316 basehttp 19596 13760 code 400, message Bad request version ('\x13')
ERROR 2025-05-08 05:50:47,316 basehttp 19596 13760 You're accessing the development server over HTTPS, but it only supports HTTP.
INFO 2025-05-08 05:50:52,044 basehttp 19596 15048 "POST /api/ HTTP/1.1" 200 75
INFO 2025-05-08 05:50:56,153 basehttp 19596 20152 "POST /api/ HTTP/1.1" 200 60044
INFO 2025-05-08 05:51:19,792 basehttp 19596 5592 "POST /api/ HTTP/1.1" 200 75
INFO 2025-05-08 05:51:55,751 basehttp 19596 20324 "GET /admin/user_managment/customuser/ HTTP/1.1" 200 12962
INFO 2025-05-08 05:51:55,926 basehttp 19596 20324 "GET /admin/jsi18n/ HTTP/1.1" 200 3342
INFO 2025-05-08 05:51:59,508 basehttp 19596 20324 "GET /admin/user_managment/customuser/3/change/ HTTP/1.1" 200 32852
INFO 2025-05-08 05:51:59,536 basehttp 19596 20324 "GET /admin/jsi18n/ HTTP/1.1" 200 3342
INFO 2025-05-08 05:51:59,586 basehttp 19596 20324 "GET /static/admin/img/icon-clock.svg HTTP/1.1" 304 0
INFO 2025-05-08 05:52:04,207 basehttp 19596 20324 "GET /admin/user_managment/customuser/ HTTP/1.1" 200 12962
